# Elapsed time   CPU (%)     Real (MB)   Virtual (MB)
       0.001        0.000        6.594       39.496
       0.117       39.200       19.035     1594.941
       0.219       29.200       31.914     1666.945
       0.321       19.600       33.781     1812.016
       0.424        0.000       33.781     1812.016
       0.525        0.000       33.781     1812.016
       0.626        9.800       31.934     1814.145
       0.728        9.800       37.227     3074.238
       0.830        9.900       49.586     3074.988
       0.931       19.700       68.312     3077.926
       1.033        9.900       33.328     1814.645
       1.134        0.000       73.430     3078.738
       1.237        9.800       73.430     3078.738
       1.247       19.800       74.652     3078.738
       1.349       19.800       74.652     3078.738
       1.450        9.800       74.652     3078.738
       1.552       19.800       76.652     3078.988
       1.653        9.800       77.535     3078.988
       1.755        0.000       78.945     3079.238
       1.857       19.700       80.406     3079.238
       1.958        9.900       80.406     3079.238
       2.059        9.800       80.766     3079.238
       2.161        0.000       80.766     3079.238
       2.263        0.000       80.766     3079.238
       2.364        0.000       80.766     3079.238
       2.466        0.000       80.766     3079.238
       2.567        0.000       80.766     3079.238
       2.670        9.800      128.211     4343.832
       2.772        0.000      128.211     4343.832
       2.874        0.000      128.211     4343.832
       2.975        0.000      128.211     4343.832
       3.076        0.000       82.531     3081.656
       3.177        0.000       82.531     3081.656
       3.280        0.000       82.531     3081.656
       3.381       19.700       81.594     3079.238
       3.483        0.000       81.594     3079.238
       3.585       39.400       83.086     3079.238
       3.686        0.000       83.086     3079.238
       3.788        0.000       83.086     3079.238
       3.890        0.000       83.086     3079.238
       3.991        0.000       83.086     3079.238
       4.093        0.000       83.086     3079.238
       4.195        0.000       83.086     3079.238
       4.297        0.000       83.086     3079.238
       4.400        0.000       83.086     3079.238
       4.501        0.000       83.086     3079.238
       4.602        9.900       83.086     3079.238
       4.703      136.700       91.086     3079.488
       4.806      156.600       91.086     3079.488
       4.908      155.600       95.086     3079.738
       5.010      185.400       97.086     3079.738
       5.113      163.800       97.086     3079.738
       5.217      146.200       99.086     3079.738
       5.320      155.900      101.086     3079.738
       5.423      156.000      101.086     3079.738
       5.525      176.700      101.418     3079.988
       5.626      176.000      103.418     3079.988
       5.729      156.600      103.418     3079.988
       5.831      166.600      103.418     3079.988
       5.933      175.600      103.801     3079.988
       6.036      176.100      103.801     3079.988
       6.138      195.400      106.062     3079.988
       6.240      184.900      106.062     3079.988
       6.343      157.100      106.062     3079.988
       6.445      147.700      106.062     3079.988
       6.547      185.800      106.062     3079.988
       6.648      195.600      106.062     3079.988
       6.751      156.400      106.062     3079.988
       6.853      186.100      106.062     3079.988
       6.955      174.800      106.547     3079.988
       7.058      175.300      106.781     3079.988
       7.161      173.400      106.781     3079.988
       7.270      176.000      107.031     3079.988
       7.373      186.000      107.031     3079.988
       7.475      183.200      107.031     3079.988
       7.579      196.500      109.031     3079.988
       7.680      206.700      111.250     3080.488
       7.782      204.100      111.535     3080.488
       7.885      165.800      111.535     3080.488
       7.987      183.900      111.535     3080.488
       8.091      190.900      111.773     3080.488
       8.195      181.800      111.773     3080.488
       8.300      187.100      111.773     3080.488
       8.402      134.400      111.773     3080.488
       8.506      196.500      111.773     3080.488
       8.608      171.800      111.773     3080.551
       8.712      165.700      113.773     3080.551
       8.815      165.900      113.773     3080.551
       8.917      154.500      113.773     3080.551
       9.021      165.500      113.773     3080.551
       9.124      173.900      113.773     3080.551
       9.227      175.300      113.773     3080.551
       9.330      166.500      113.773     3080.551
       9.432      174.800      113.773     3080.551
       9.535      147.300      113.773     3080.551
       9.637      167.600      113.773     3080.551
       9.738      265.300      113.773     3080.551
       9.840      312.000      113.773     3080.551
       9.942      117.800      113.773     3080.551
      10.044        0.000      113.773     3080.551
      10.147       59.100      113.773     3080.551
      10.248      159.400      113.773     3080.551
      10.355      138.100      113.773     3080.551
      10.456       78.300      113.773     3080.551
      10.558      205.700      113.773     3080.551
      10.660      207.200      113.773     3080.551
      10.762      205.400      113.773     3080.551
      10.864      205.300      113.773     3080.551
      10.966      195.900      113.773     3080.551
      11.068      206.100      113.773     3080.551
      11.170      195.600      113.773     3080.551
      11.273      215.800      113.773     3080.551
      11.375      207.800      117.773     3080.551
      11.476      206.500      117.773     3080.551
      11.577      168.100      118.668     3080.551
      11.678        0.000      118.668     3080.551
      11.780        0.000      118.668     3080.551
      11.881        0.000      118.668     3080.551
      11.983        0.000      118.668     3080.551
      12.085        0.000      118.668     3080.551
      12.186        0.000      118.668     3080.551
      12.288        0.000      118.668     3080.551
      12.389        0.000      118.668     3080.551
      12.490        9.900      118.668     3080.551
      12.591        0.000      118.668     3080.551
      12.692        0.000      118.668     3080.551
      12.794        0.000      118.668     3080.551
      12.896        0.000      118.668     3080.551
      12.997        0.000      118.668     3080.551
      13.100        0.000      118.668     3080.551
      13.201        0.000      118.668     3080.551
      13.303        0.000      118.668     3080.551
      13.405        0.000      118.668     3080.551
      13.506        0.000      118.668     3080.551
      13.608        0.000      118.668     3080.551
      13.710        9.800      118.668     3080.551
      13.813        0.000      118.668     3080.551
      13.914        0.000      118.668     3080.551
      14.017        0.000      118.668     3080.551
      14.118        0.000      118.668     3080.551
      14.219        0.000      118.668     3080.551
      14.320        0.000      118.668     3080.551
      14.422        0.000      118.668     3080.551
      14.523        0.000      118.668     3080.551
      14.624        0.000      118.668     3080.551
      14.725        0.000      118.668     3080.551
      14.826        0.000      118.668     3080.551
      14.928        0.000      118.668     3080.551
      15.031       98.300      118.668     3080.551
      15.132        0.000      118.656     3080.551
      15.234        0.000      118.656     3080.551
      15.336        0.000      118.656     3080.551
      15.437        0.000      118.656     3080.551
      15.539        0.000      118.656     3080.551
      15.641        0.000      118.656     3080.551
      15.743        0.000      118.656     3080.551
      15.845        0.000      118.656     3080.551
      15.947        0.000      118.656     3080.551
      16.049        9.800      118.656     3080.551
      16.151        0.000      118.656     3080.551
      16.252        0.000      118.656     3080.551
      16.354        0.000      116.027     3080.551
      16.455        0.000      116.027     3080.551
      16.557        0.000      116.027     3080.551
      16.658        0.000      110.707     3080.551
      16.759        0.000      110.707     3080.551
      16.861        0.000      110.707     3080.551
      16.963       19.700      110.707     3080.551
      17.064        0.000      110.707     3080.551
      17.166        0.000      110.707     3080.551
      17.268        0.000      110.707     3080.551
      17.369        0.000      110.707     3080.551
      17.470        0.000      110.707     3080.551
      17.571        0.000      110.707     3080.551
      17.673        0.000      110.707     3080.551
      17.775        0.000      110.707     3080.551
      17.877        0.000      110.707     3080.551
      17.980        0.000      110.707     3080.551
      18.082        0.000      110.707     3080.551
      18.183        0.000      110.707     3080.551
      18.284        0.000      110.707     3080.551
      18.386        0.000      110.707     3080.551
      18.487        9.500      110.707     3080.551
      18.592        0.000      110.707     3080.551
      18.693        0.000      110.707     3080.551
      18.794        0.000      110.707     3080.551
      18.896        0.000      110.707     3080.551
      18.998        0.000      110.707     3080.551
      19.104        0.000      110.707     3080.551
      19.205        9.900      110.707     3080.551
      19.306        0.000      110.707     3080.551
      19.408        0.000      110.707     3080.551
      19.509        0.000      110.707     3080.551
      19.612        9.900      110.707     3080.551
      19.715        0.000      110.707     3080.551
      19.816        0.000      110.707     3080.551
      19.918        0.000      110.707     3080.551
      20.020        0.000      110.707     3080.551
      20.123        0.000      110.707     3080.551
      20.225        0.000      110.707     3080.551
      20.327        0.000      110.707     3080.551
      20.429        0.000      110.707     3080.551
      20.530        0.000      110.707     3080.551
      20.633        0.000      110.707     3080.551
      20.734        9.900      110.707     3080.551
      20.835        0.000      110.707     3080.551
      20.937        0.000      110.707     3080.551
      21.039        0.000      110.707     3080.551
      21.141        0.000      110.707     3080.551
      21.243        0.000      110.707     3080.551
      21.344        0.000      110.707     3080.551
      21.446        0.000      110.707     3080.551
      21.548        0.000      110.707     3080.551
      21.653        9.800      110.707     3080.551
      21.755        0.000      110.707     3080.551
      21.856        0.000      110.707     3080.551
      21.958        0.000      110.707     3080.551
      22.059        0.000      110.707     3080.551
      22.161        0.000      110.707     3080.551
      22.262        0.000      110.707     3080.551
      22.363        0.000      110.707     3080.551
      22.465        0.000      110.707     3080.551
      22.566        0.000      110.707     3080.551
      22.667        9.900      110.707     3080.551
      22.769        0.000      110.707     3080.551
      22.870        0.000      110.707     3080.551
      22.972        0.000      110.707     3080.551
      23.073        0.000      110.707     3080.551
      23.175        0.000      110.707     3080.551
      23.277        0.000      110.707     3080.551
      23.379        0.000      110.707     3080.551
      23.480        0.000      110.707     3080.551
      23.582        0.000      110.707     3080.551
      23.683        0.000      110.707     3080.551
      23.785        0.000      110.707     3080.551
      23.886        0.000      110.707     3080.551
      23.988        0.000      110.707     3080.551
      24.090        0.000      110.707     3080.551
      24.191        0.000      110.707     3080.551
      24.292        0.000      110.707     3080.551
      24.394        0.000      110.707     3080.551
      24.495        0.000      110.707     3080.551
      24.597        0.000      110.707     3080.551
      24.698        0.000      110.707     3080.551
      24.800        0.000      110.707     3080.551
      24.901        0.000      110.707     3080.551
      25.003        0.000      110.707     3080.551
      25.104        0.000      110.707     3080.551
      25.206        0.000      110.707     3080.551
      25.307        0.000      110.707     3080.551
      25.408        0.000      110.707     3080.551
      25.510        0.000      110.707     3080.551
      25.612        0.000      110.707     3080.551
      25.714        0.000      110.707     3080.551
      25.816        0.000      110.707     3080.551
      25.918        0.000      110.707     3080.551
      26.021        0.000      110.707     3080.551
      26.122        0.000      110.707     3080.551
      26.224        0.000      110.707     3080.551
      26.326        0.000      110.707     3080.551
      26.428        0.000      110.707     3080.551
      26.529        0.000      110.707     3080.551
      26.631        0.000      110.707     3080.551
      26.733        0.000      110.707     3080.551
      26.834        0.000      110.707     3080.551
      26.936        9.900      110.707     3080.551
      27.037        0.000      110.707     3080.551
      27.139        0.000      110.707     3080.551
      27.241        0.000      110.707     3080.551
      27.343        0.000      110.707     3080.551
      27.446        0.000      110.707     3080.551
      27.547        0.000      110.707     3080.551
      27.649        0.000      110.707     3080.551
      27.750        0.000      110.707     3080.551
      27.852        0.000      110.707     3080.551
      27.954        0.000      110.707     3080.551
      28.056        0.000      110.707     3080.551
      28.157        0.000      110.707     3080.551
      28.259        0.000      110.707     3080.551
      28.361        0.000      110.707     3080.551
      28.463        0.000      110.707     3080.551
      28.565        0.000      110.707     3080.551
      28.666        0.000      110.707     3080.551
      28.767        0.000      110.707     3080.551
      28.869        0.000      110.707     3080.551
      28.970        0.000      110.707     3080.551
      29.072        0.000      110.707     3080.551
      29.173        0.000      110.707     3080.551
      29.275        0.000      110.707     3080.551
      29.376        0.000      110.707     3080.551
      29.478        0.000      110.707     3080.551
      29.579        0.000      110.707     3080.551
      29.681        0.000      110.707     3080.551
      29.783        0.000      110.707     3080.551
      29.884        0.000      110.707     3080.551
      29.985        0.000      110.707     3080.551
      30.087        0.000      110.707     3080.551
      30.188        0.000      110.707     3080.551
      30.289        0.000      110.707     3080.551
      30.391        0.000      110.707     3080.551
      30.493        0.000      110.707     3080.551
      30.594       19.600      110.707     3080.551
      30.696        0.000      110.707     3080.551
      30.798        0.000      110.707     3080.551
      30.900        0.000      110.707     3080.551
      31.002        0.000      110.707     3080.551
      31.104        0.000      110.707     3080.551
      31.106        0.000      110.707     3080.551
      31.207        0.000      110.707     3080.551
      31.310        9.900      110.707     3080.551
      31.411        0.000      110.707     3080.551
      31.512        0.000      110.707     3080.551
      31.614        0.000      110.707     3080.551
      31.716        0.000      110.707     3080.551
      31.818        9.800      110.707     3080.551
      31.920        0.000      110.707     3080.551
      32.021        0.000      110.707     3080.551
      32.123        0.000      110.707     3080.551
      32.224        0.000      110.707     3080.551
      32.325        0.000      110.707     3080.551
      32.426        0.000      110.707     3080.551
      32.528        0.000      110.707     3080.551
      32.630        0.000      110.707     3080.551
      32.732        0.000      110.707     3080.551
      32.834        0.000      110.707     3080.551
      32.935        0.000      110.707     3080.551
      33.037        0.000      110.707     3080.551
      33.138        0.000      110.707     3080.551
      33.240        0.000      110.707     3080.551
      33.342        0.000      110.707     3080.551
      33.444        0.000      110.707     3080.551
      33.546        0.000      110.707     3080.551
      33.647        0.000      110.707     3080.551
      33.749        0.000      110.707     3080.551
      33.850        0.000      110.707     3080.551
      33.951        0.000      110.707     3080.551
      34.053        0.000      110.707     3080.551
      34.155        0.000      110.707     3080.551
      34.257        0.000      110.707     3080.551
      34.358        0.000      110.707     3080.551
      34.460        0.000      110.707     3080.551
      34.562        0.000      110.707     3080.551
      34.664        0.000      110.707     3080.551
      34.766        0.000      110.707     3080.551
      34.868        0.000      110.707     3080.551
      34.969        0.000      110.707     3080.551
      35.071        0.000      110.707     3080.551
      35.172        0.000      110.707     3080.551
      35.274        0.000      110.707     3080.551
      35.376        0.000      110.707     3080.551
      35.477        0.000      110.707     3080.551
      35.579        0.000      110.707     3080.551
      35.681        0.000      110.707     3080.551
      35.783        0.000      110.707     3080.551
      35.885        0.000      110.707     3080.551
      35.987        0.000      110.707     3080.551
      36.089        0.000      110.707     3080.551
      36.191        0.000      110.707     3080.551
      36.292        0.000      110.707     3080.551
      36.394        0.000      110.707     3080.551
      36.496        0.000      110.707     3080.551
      36.598        0.000      110.707     3080.551
      36.699        0.000      110.707     3080.551
      36.801        9.800      110.707     3080.551
      36.903        0.000      110.707     3080.551
      37.005        0.000      110.707     3080.551
      37.107        0.000      110.707     3080.551
      37.209        0.000      110.707     3080.551
      37.310        0.000      110.707     3080.551
      37.412        0.000      110.707     3080.551
      37.514        0.000      110.707     3080.551
      37.615        0.000      110.707     3080.551
      37.717        0.000      110.707     3080.551
      37.819        0.000      110.707     3080.551
      37.920        0.000      110.707     3080.551
      38.022        0.000      110.707     3080.551
      38.124        0.000      110.707     3080.551
      38.226        0.000      110.707     3080.551
      38.327        0.000      110.707     3080.551
      38.429        0.000      110.707     3080.551
      38.531        0.000      110.707     3080.551
      38.632        0.000      110.707     3080.551
      38.733        0.000      110.707     3080.551
      38.835        0.000      110.707     3080.551
      38.937        0.000      110.707     3080.551
      39.039        0.000      110.707     3080.551
      39.141        0.000      110.707     3080.551
      39.242        0.000      110.707     3080.551
      39.344        0.000      110.707     3080.551
      39.445        0.000      110.707     3080.551
      39.547        0.000      110.707     3080.551
      39.649        0.000      110.707     3080.551
      39.751        0.000      110.707     3080.551
      39.852        0.000      110.707     3080.551
      39.954        0.000      110.707     3080.551
      40.056        0.000      110.707     3080.551
      40.157        0.000      110.707     3080.551
      40.259        0.000      110.707     3080.551
      40.360        0.000      110.707     3080.551
      40.461        0.000      110.707     3080.551
      40.562        0.000      110.707     3080.551
      40.666        0.000      110.707     3080.551
      40.767        0.000      110.707     3080.551
      40.868        0.000      110.707     3080.551
      40.969        0.000      110.707     3080.551
      41.071        0.000      110.707     3080.551
      41.172        0.000      110.707     3080.551
      41.274        0.000      110.707     3080.551
      41.375        0.000      110.707     3080.551
      41.476        0.000      110.707     3080.551
      41.577        0.000      110.707     3080.551
      41.678        0.000      110.707     3080.551
      41.779        9.900      110.707     3080.551
      41.880        0.000      110.707     3080.551
      41.982        0.000      110.707     3080.551
      42.083        0.000      110.707     3080.551
      42.184        0.000      110.707     3080.551
      42.285        0.000      110.707     3080.551
      42.386        0.000      110.707     3080.551
      42.487        0.000      110.707     3080.551
      42.589        0.000      110.707     3080.551
      42.690        0.000      110.707     3080.551
      42.791        0.000      110.707     3080.551
      42.893        0.000      110.707     3080.551
      42.994        0.000      110.707     3080.551
      43.095        0.000      110.707     3080.551
      43.196        0.000      110.707     3080.551
      43.298        0.000      110.707     3080.551
      43.399        0.000      110.707     3080.551
      43.500        0.000      110.707     3080.551
      43.601        0.000      110.707     3080.551
      43.702        0.000      110.707     3080.551
      43.803        0.000      110.707     3080.551
      43.904        0.000      110.707     3080.551
      44.006        0.000      110.707     3080.551
      44.107        0.000      110.707     3080.551
      44.208        0.000      110.707     3080.551
      44.309        0.000      110.707     3080.551
      44.410        0.000      110.707     3080.551
      44.511        0.000      110.707     3080.551
      44.612        0.000      110.707     3080.551
      44.713        0.000      110.707     3080.551
      44.815        0.000      110.707     3080.551
      44.916        0.000      110.707     3080.551
      45.017        0.000      110.707     3080.551
      45.118        0.000      110.707     3080.551
      45.219        0.000      110.707     3080.551
      45.320        0.000      110.707     3080.551
      45.421        0.000      110.707     3080.551
      45.523        0.000      110.707     3080.551
      45.625        0.000      110.707     3080.551
      45.726        0.000      110.707     3080.551
      45.827        0.000      110.707     3080.551
      45.928        0.000      110.707     3080.551
      46.029        0.000      110.707     3080.551
      46.131        0.000      110.707     3080.551
      46.232        0.000      110.707     3080.551
      46.334        0.000      110.707     3080.551
      46.437        0.000      110.707     3080.551
      46.538        0.000      110.707     3080.551
      46.639        0.000      110.707     3080.551
      46.740        0.000      110.707     3080.551
      46.842        0.000      110.707     3080.551
      46.943        0.000      110.707     3080.551
      47.044        0.000      110.707     3080.551
      47.146        0.000      110.707     3080.551
      47.247        0.000      110.707     3080.551
      47.348        0.000      110.707     3080.551
      47.450        0.000      110.707     3080.551
      47.552        0.000      110.707     3080.551
      47.653        0.000      110.707     3080.551
      47.754        0.000      110.707     3080.551
      47.858        0.000      110.707     3080.551
      47.960        0.000      110.066     3080.551
      48.062        0.000      110.066     3080.551
      48.163        0.000      110.066     3080.551
      48.265        0.000      110.066     3080.551
      48.367        0.000      110.066     3080.551
      48.468        0.000      110.066     3080.551
      48.570        0.000      110.066     3080.551
      48.672        0.000      110.066     3080.551
      48.773        0.000      110.066     3080.551
      48.877        0.000      110.066     3080.551
      48.979        0.000      110.066     3080.551
      49.081        0.000      110.066     3080.551
      49.183        0.000      110.066     3080.551
      49.286        0.000      110.059     3080.551
      49.387        0.000      110.059     3080.551
      49.489        9.900      110.059     3080.551
      49.590        0.000      110.059     3080.551
      49.691        0.000      110.059     3080.551
      49.792        0.000      110.059     3080.551
      49.893        0.000      110.059     3080.551
      49.994        0.000      110.059     3080.551
      50.095        0.000      110.059     3080.551
      50.197        0.000      110.059     3080.551
      50.298        0.000      110.059     3080.551
      50.400        0.000      110.059     3080.551
      50.501        0.000      110.059     3080.551
      50.602        0.000      110.059     3080.551
      50.704        0.000      110.059     3080.551
      50.805        0.000      110.059     3080.551
      50.906        0.000      110.059     3080.551
      51.008        0.000      110.059     3080.551
      51.109        0.000      110.059     3080.551
      51.210        0.000      110.059     3080.551
      51.311        0.000      110.059     3080.551
      51.413        0.000      110.059     3080.551
      51.514        0.000      110.059     3080.551
      51.616        0.000      110.059     3080.551
      51.717        0.000      110.059     3080.551
      51.819        9.700      110.059     3080.551
      51.922        0.000      110.059     3080.551
      52.023        0.000      110.059     3080.551
      52.124        0.000      110.059     3080.551
      52.226        0.000      110.059     3080.551
      52.327        0.000      110.059     3080.551
      52.429        0.000      110.059     3080.551
      52.530        0.000      110.059     3080.551
      52.631        0.000      110.059     3080.551
      52.733        0.000      110.059     3080.551
      52.834        0.000      110.059     3080.551
      52.936        0.000      110.059     3080.551
      53.038        0.000      110.059     3080.551
      53.140        0.000      110.059     3080.551
      53.242        0.000      110.059     3080.551
      53.343        0.000      110.059     3080.551
      53.444        0.000      110.059     3080.551
      53.545        0.000      110.059     3080.551
      53.647        0.000      110.059     3080.551
      53.749        0.000      110.059     3080.551
      53.850        0.000      110.059     3080.551
      53.952        0.000      110.059     3080.551
      54.053        0.000      110.059     3080.551
      54.155        0.000      110.059     3080.551
      54.256        0.000      110.059     3080.551
      54.358        0.000      110.059     3080.551
      54.459        0.000      110.059     3080.551
      54.560        0.000      110.059     3080.551
      54.662        0.000      110.059     3080.551
      54.764        0.000      110.059     3080.551
      54.866        0.000      110.059     3080.551
      54.968        0.000      110.059     3080.551
      55.070        0.000      109.551     3080.551
      55.173        0.000      109.395     3080.551
      55.274        0.000      109.395     3080.551
      55.376        0.000      109.395     3080.551
      55.478        0.000      109.395     3080.551
      55.579        0.000      109.395     3080.551
      55.681        0.000      109.395     3080.551
      55.782        0.000      109.395     3080.551
      55.883        0.000      109.395     3080.551
      55.985        0.000      109.395     3080.551
      56.086        0.000      109.395     3080.551
      56.188        0.000      109.395     3080.551
      56.290        0.000      109.395     3080.551
      56.393        0.000      109.395     3080.551
      56.495        0.000      109.395     3080.551
      56.597        0.000      109.395     3080.551
      56.699        0.000      109.395     3080.551
      56.801        9.800      109.395     3080.551
      56.903        0.000      109.395     3080.551
      57.005        0.000      109.395     3080.551
      57.106        0.000      109.371     3080.551
      57.207        0.000      109.371     3080.551
      57.309        0.000      109.371     3080.551
      57.410       29.700      109.371     3080.551
      57.511        0.000      109.371     3080.551
      57.612       19.800        4.379       10.004
      57.713        0.000       19.438     1597.320
      57.814       69.200       33.289     1886.648
      57.916        0.000       33.289     1886.648
      58.017        0.000       33.289     1886.648
      58.118        0.000       33.289     1886.648
      58.220        0.000       33.289     1886.648
      58.321       19.600       33.289     1886.648
      58.424        0.000       33.289     1886.898
      58.526        0.000       33.289     1886.898
      58.628        0.000       33.289     1886.898
      58.729        0.000       33.289     1886.898
      58.831        0.000       33.289     1886.898
      58.932        0.000       33.289     1886.898
      59.033        0.000       33.289     1886.898
      59.134        0.000       33.289     1886.898
      59.236        0.000       33.289     1886.898
      59.337        0.000       33.289     1886.898
      59.439        0.000       33.289     1886.898
      59.540        0.000       33.289     1886.898
      59.642        0.000       33.289     1886.898
      59.744        0.000       33.289     1886.898
      59.845        0.000       33.289     1886.898
      59.948        0.000       33.289     1886.898
      60.050        0.000       33.289     1886.898
      60.153        0.000       33.289     1886.898
      60.255        0.000       33.289     1886.898
      60.357        0.000       33.289     1886.898
      60.459        0.000       33.289     1886.898
      60.560        0.000       33.289     1886.898
      60.662        0.000       33.289     1886.898
      60.764        0.000       33.289     1886.898
      60.867        0.000       33.289     1886.898
      60.969        0.000       33.289     1886.898
      61.071        0.000        0.621        2.734
