# Elapsed time   CPU (%)     Real (MB)   Virtual (MB)
       0.000        0.000        1.133        2.738
       0.101        0.000        1.133        2.738
       0.201        0.000        1.133        2.738
       0.301        0.000        1.133        2.738
       0.402        0.000        1.133        2.738
       0.503        0.000        1.133        2.738
       0.603        0.000        1.133        2.738
       0.704        0.000        1.133        2.738
       0.805        0.000        1.133        2.738
       0.905        0.000        1.133        2.738
       1.005        0.000        1.133        2.738
       1.106        0.000        1.133        2.738
       1.207        0.000        1.133        2.738
       1.308        0.000        1.133        2.738
       1.408        0.000        1.133        2.738
       1.509        0.000        1.133        2.738
       1.610        0.000        1.133        2.738
       1.711        0.000        1.133        2.738
       1.812        0.000        1.133        2.738
       1.913        0.000        1.133        2.738
       2.013        0.000        1.133        2.738
       2.114        0.000        1.133        2.738
       2.215        0.000        1.133        2.738
       2.316        0.000        1.133        2.738
       2.416        0.000        1.133        2.738
       2.517        0.000        1.133        2.738
       2.618        0.000        1.133        2.738
       2.718        0.000        1.133        2.738
       2.819        0.000        1.133        2.738
       2.920        0.000        1.133        2.738
       3.020        0.000        1.133        2.738
       3.121        0.000        1.133        2.738
       3.221        0.000        1.133        2.738
       3.322        0.000        1.133        2.738
       3.423        0.000        1.133        2.738
       3.524        0.000        1.133        2.738
       3.624        0.000        1.133        2.738
       3.725        0.000        1.133        2.738
       3.826        0.000        1.133        2.738
       3.927        0.000        1.133        2.738
       4.028        0.000        1.133        2.738
       4.128        0.000        1.133        2.738
       4.228        0.000        1.133        2.738
       4.329        0.000        1.133        2.738
       4.430        0.000        1.133        2.738
       4.530        0.000        1.133        2.738
       4.631        0.000        1.133        2.738
       4.732        0.000        1.133        2.738
       4.832        0.000        1.133        2.738
       4.933        0.000        1.133        2.738
       5.034        0.000        1.133        2.738
       5.135        0.000        1.133        2.738
       5.235        0.000        1.133        2.738
       5.336        0.000        1.133        2.738
       5.436        0.000        1.133        2.738
       5.536        0.000        1.133        2.738
       5.637        0.000        1.133        2.738
       5.737        0.000        1.133        2.738
       5.838        0.000        1.133        2.738
       5.940        0.000        1.133        2.738
       6.040        0.000        1.133        2.738
       6.141        0.000        1.133        2.738
       6.241        0.000        1.133        2.738
       6.342        0.000        1.133        2.738
       6.443        0.000        1.133        2.738
       6.543        0.000        1.133        2.738
       6.644        0.000        1.133        2.738
       6.744        0.000        1.133        2.738
       6.845        0.000        1.133        2.738
       6.946        0.000        1.133        2.738
       7.047        0.000        1.133        2.738
       7.147        0.000        1.133        2.738
       7.248        0.000        1.133        2.738
       7.349        0.000        1.133        2.738
       7.450        0.000        1.133        2.738
       7.550        0.000        1.133        2.738
       7.651        0.000        1.133        2.738
       7.752        0.000        1.133        2.738
       7.853        0.000        1.133        2.738
       7.954        0.000        1.133        2.738
       8.055        0.000        1.133        2.738
       8.155        0.000        1.133        2.738
       8.255        0.000        1.133        2.738
       8.356        0.000        1.133        2.738
       8.456        0.000        1.133        2.738
       8.556        0.000        1.133        2.738
       8.657        0.000        1.133        2.738
       8.757        0.000        1.133        2.738
       8.857        0.000        1.133        2.738
       8.958        0.000        1.133        2.738
       9.058        0.000        1.133        2.738
       9.159        0.000        1.133        2.738
       9.259        0.000        1.133        2.738
       9.359        0.000        1.133        2.738
       9.460        0.000        1.133        2.738
       9.560        0.000        1.133        2.738
       9.660        0.000        1.133        2.738
       9.761        0.000        1.133        2.738
       9.861        0.000        1.133        2.738
       9.961        0.000        1.133        2.738
      10.062        0.000        1.133        2.738
      10.162        0.000        1.133        2.738
      10.263        0.000        1.133        2.738
      10.363        0.000        1.133        2.738
      10.464        0.000        1.133        2.738
      10.565        0.000        1.133        2.738
      10.665        0.000        1.133        2.738
      10.766        0.000        1.133        2.738
      10.866        0.000        1.133        2.738
      10.966        0.000        1.133        2.738
      11.067        0.000        1.133        2.738
      11.167        0.000        1.133        2.738
      11.268        0.000        1.133        2.738
      11.368        0.000        1.133        2.738
      11.469        0.000        1.133        2.738
      11.569        0.000        1.133        2.738
      11.670        0.000        1.133        2.738
      11.770        0.000        1.133        2.738
      11.871        0.000        1.133        2.738
      11.972        0.000        1.133        2.738
      12.073        0.000        1.133        2.738
      12.173        0.000        1.133        2.738
      12.274        0.000        1.133        2.738
      12.374        0.000        1.133        2.738
      12.475        0.000        1.133        2.738
      12.575        0.000        1.133        2.738
      12.674        0.000        1.133        2.738
      12.774        0.000        1.133        2.738
      12.875        0.000        1.133        2.738
      12.975        0.000        1.133        2.738
      13.075        0.000        1.133        2.738
      13.176        0.000        1.133        2.738
      13.276        0.000        1.133        2.738
      13.376        0.000        1.133        2.738
      13.477        0.000        1.133        2.738
      13.577        0.000        1.133        2.738
      13.677        0.000        1.133        2.738
      13.778        0.000        1.133        2.738
      13.878        0.000        1.133        2.738
      13.978        0.000        1.133        2.738
      14.079        0.000        1.133        2.738
      14.180        0.000        1.133        2.738
      14.280        0.000        1.133        2.738
      14.381        0.000        1.133        2.738
      14.481        0.000        1.133        2.738
      14.582        0.000        1.133        2.738
      14.682        0.000        1.133        2.738
      14.783        0.000        1.133        2.738
      14.883        0.000        1.133        2.738
      14.983        0.000        1.133        2.738
      15.084        0.000        1.133        2.738
      15.184        0.000        1.133        2.738
      15.285        0.000        1.133        2.738
      15.385        0.000        1.133        2.738
      15.486        0.000        1.133        2.738
      15.586        0.000        1.133        2.738
      15.687        0.000        1.133        2.738
      15.787        0.000        1.133        2.738
      15.888        0.000        1.133        2.738
      15.988        0.000        1.133        2.738
      16.089        0.000        1.133        2.738
      16.189        0.000        1.133        2.738
      16.289        0.000        1.133        2.738
      16.390        0.000        1.133        2.738
      16.490        0.000        1.133        2.738
      16.591        0.000        1.133        2.738
      16.691        0.000        1.133        2.738
      16.791        0.000        1.133        2.738
      16.892        0.000        1.133        2.738
      16.992        0.000        1.133        2.738
      17.092        0.000        1.133        2.738
      17.193        0.000        1.133        2.738
      17.293        0.000        1.133        2.738
      17.393        0.000        1.133        2.738
      17.494        0.000        1.133        2.738
      17.594        0.000        1.133        2.738
      17.694        0.000        1.133        2.738
      17.795        0.000        1.133        2.738
      17.895        0.000        1.133        2.738
      17.995        0.000        1.133        2.738
      18.095        0.000        1.133        2.738
      18.196        0.000        1.133        2.738
      18.296        0.000        1.133        2.738
      18.396        0.000        1.133        2.738
      18.496        0.000        1.133        2.738
      18.597        0.000        1.133        2.738
      18.697        0.000        1.133        2.738
      18.797        0.000        1.133        2.738
      18.898        0.000        1.133        2.738
      18.998        0.000        1.133        2.738
      19.099        0.000        1.133        2.738
      19.199        0.000        1.133        2.738
      19.299        0.000        1.133        2.738
      19.399        0.000        1.133        2.738
      19.500        0.000        1.133        2.738
      19.600        0.000        1.133        2.738
      19.701        0.000        1.133        2.738
      19.801        0.000        1.133        2.738
      19.901        0.000        1.133        2.738
      20.002        0.000        1.133        2.738
      20.102        0.000        1.133        2.738
      20.202        0.000        1.133        2.738
      20.303        0.000        1.133        2.738
      20.403        0.000        1.133        2.738
      20.504        0.000        1.133        2.738
      20.604        0.000        1.133        2.738
      20.704        0.000        1.133        2.738
      20.804        0.000        1.133        2.738
      20.905        0.000        1.133        2.738
      21.005        0.000        1.133        2.738
      21.105        0.000        1.133        2.738
      21.206        0.000        1.133        2.738
      21.306        0.000        1.133        2.738
