==== [Resource Trace - Fri Apr 25 15:53:02 MDT 2025] for vm ====
Recording VM Benchmark...
==== [Resource Trace - Fri Apr 25 15:53:09 MDT 2025] for docker ====
Recording Docker Benchmark...
==== [Resource Trace - Fri Apr 25 15:53:56 MDT 2025] for native ====
Recording Native Benchmark...
==== [Resource Trace - Fri Apr 25 16:40:45 MDT 2025] for native ====
Recording Native Benchmark...
==== [Resource Trace - Fri Apr 25 16:44:28 MDT 2025] for vm ====
Recording VM Benchmark...
==== [Resource Trace - Fri Apr 25 16:46:16 MDT 2025] for native ====
Recording Native Benchmark...
==== [Resource Trace - Fri Apr 25 16:50:34 MDT 2025] for vm ====
Recording VM Benchmark...
==== [Resource Trace - Fri Apr 25 16:54:17 MDT 2025] for native ====
Recording Native Benchmark...
==== [Resource Trace - Fri Apr 25 17:07:33 MDT 2025] for native ====
Recording Native Benchmark...
==== [Resource Trace - Fri Apr 25 17:13:00 MDT 2025] for native ====
Recording Native Benchmark...
==== [Resource Trace - Fri Apr 25 17:16:53 MDT 2025] for docker ====
Recording Docker Benchmark...
==== [Resource Trace - Fri Apr 25 17:40:50 MDT 2025] for vm ====
Recording VM Benchmark...
==== [Resource Trace - Fri Apr 25 18:00:15 MDT 2025] for docker ====
Recording Docker Benchmark...
==== [Resource Trace - Fri Apr 25 18:37:50 MDT 2025] for docker ====
Recording Docker Benchmark...
