# Elapsed time   CPU (%)     Real (MB)   Virtual (MB)
       0.000        0.000        1.137        2.738
       0.100        0.000        1.137        2.738
       0.201        0.000        1.137        2.738
       0.302        0.000        1.137        2.738
       0.403        0.000        1.137        2.738
       0.503        0.000        1.137        2.738
       0.604        0.000        1.137        2.738
       0.704        0.000        1.137        2.738
       0.804        0.000        1.137        2.738
       0.905        0.000        1.137        2.738
       1.005        0.000        1.137        2.738
       1.105        0.000        1.137        2.738
       1.206        0.000        1.137        2.738
       1.306        0.000        1.137        2.738
       1.406        0.000        1.137        2.738
       1.506        0.000        1.137        2.738
       1.607        0.000        1.137        2.738
       1.707        0.000        1.137        2.738
       1.807        0.000        1.137        2.738
       1.908        0.000        1.137        2.738
       2.008        0.000        1.137        2.738
       2.108        0.000        1.137        2.738
       2.208        0.000        1.137        2.738
       2.309        0.000        1.137        2.738
       2.409        0.000        1.137        2.738
       2.509        0.000        1.137        2.738
       2.610        0.000        1.137        2.738
       2.710        0.000        1.137        2.738
       2.810        0.000        1.137        2.738
       2.910        0.000        1.137        2.738
       3.011        0.000        1.137        2.738
       3.111        0.000        1.137        2.738
       3.211        0.000        1.137        2.738
       3.311        0.000        1.137        2.738
       3.412        0.000        1.137        2.738
       3.512        0.000        1.137        2.738
       3.612        0.000        1.137        2.738
       3.712        0.000        1.137        2.738
       3.813        0.000        1.137        2.738
       3.913        0.000        1.137        2.738
       4.013        0.000        1.137        2.738
       4.113        0.000        1.137        2.738
       4.213        0.000        1.137        2.738
       4.314        0.000        1.137        2.738
       4.414        0.000        1.137        2.738
       4.514        0.000        1.137        2.738
       4.614        0.000        1.137        2.738
       4.715        0.000        1.137        2.738
       4.815        0.000        1.137        2.738
       4.915        0.000        1.137        2.738
       5.015        0.000        1.137        2.738
       5.116        0.000        1.137        2.738
       5.216        0.000        1.137        2.738
       5.316        0.000        1.137        2.738
       5.416        0.000        1.137        2.738
       5.517        0.000        1.137        2.738
       5.617        0.000        1.137        2.738
       5.717        0.000        1.137        2.738
       5.817        0.000        1.137        2.738
       5.918        0.000        1.137        2.738
       6.018        0.000        1.137        2.738
       6.118        0.000        1.137        2.738
       6.218        0.000        1.137        2.738
       6.319        0.000        1.137        2.738
       6.419        0.000        1.137        2.738
       6.519        0.000        1.137        2.738
       6.620        0.000        1.137        2.738
       6.720        0.000        1.137        2.738
       6.820        0.000        1.137        2.738
       6.920        0.000        1.137        2.738
       7.021        0.000        1.137        2.738
       7.121        0.000        1.137        2.738
       7.221        0.000        1.137        2.738
       7.321        0.000        1.137        2.738
       7.422        0.000        1.137        2.738
       7.522        0.000        1.137        2.738
       7.622        0.000        1.137        2.738
       7.723        0.000        1.137        2.738
       7.823        0.000        1.137        2.738
       7.923        0.000        1.137        2.738
       8.023        0.000        1.137        2.738
       8.123        0.000        1.137        2.738
       8.224        0.000        1.137        2.738
       8.324        0.000        1.137        2.738
       8.424        0.000        1.137        2.738
       8.525        0.000        1.137        2.738
       8.625        0.000        1.137        2.738
       8.725        0.000        1.137        2.738
       8.825        0.000        1.137        2.738
       8.926        0.000        1.137        2.738
       9.026        0.000        1.137        2.738
       9.126        0.000        1.137        2.738
       9.227        0.000        1.137        2.738
       9.327        0.000        1.137        2.738
       9.427        0.000        1.137        2.738
       9.528        0.000        1.137        2.738
       9.628        0.000        1.137        2.738
       9.728        0.000        1.137        2.738
       9.828        0.000        1.137        2.738
       9.929        0.000        1.137        2.738
      10.029        0.000        1.137        2.738
      10.129        0.000        1.137        2.738
      10.228        0.000        1.137        2.738
      10.329        0.000        1.137        2.738
      10.429        0.000        1.137        2.738
      10.529        0.000        1.137        2.738
      10.630        0.000        1.137        2.738
      10.730        0.000        1.137        2.738
      10.830        0.000        1.137        2.738
      10.931        0.000        1.137        2.738
      11.031        0.000        1.137        2.738
      11.131        0.000        1.137        2.738
      11.232        0.000        1.137        2.738
